Arguments: 
  /Users/joy/.nvm/versions/node/v16.13.1/bin/node /Users/joy/.yarn/bin/yarn.js add @reduxjs/toolkit

PATH: 
  /Users/joy/.yarn/bin:/Users/joy/.config/yarn/global/node_modules/.bin:/Users/joy/Library/pnpm:/Users/joy/.nvm/versions/node/global:/Users/joy/.nvm/versions/node/global/bin:/usr/local/bin:/System/Cryptexes/App/usr/bin:/usr/bin:/bin:/usr/sbin:/sbin:/Library/Apple/usr/bin:/Users/joy/.yarn/bin:/Users/joy/.config/yarn/global/node_modules/.bin:/Users/joy/Library/pnpm:/Users/joy/.nvm/versions/node/global:/Users/joy/.nvm/versions/node/v16.13.1/bin:/Users/joy/.nvm/versions/node/v16.13.1/bin

Yarn version: 
  1.22.19

Node version: 
  16.13.1

Platform: 
  darwin x64

Trace: 
  Error: ENOENT: no such file or directory, copyfile '/Users/joy/.nvm/versions/node/cache/v6/npm-globals-13.20.0-ea276a1e508ffd4f1612888f9d1bad1e2717bf82-integrity/node_modules/globals/index.d.ts' -> '/Users/joy/workspace/hello/react/taro-standard/taro-ovo/node_modules/@eslint/eslintrc/node_modules/globals/index.d.ts'

npm manifest: 
  {
    "name": "hh",
    "version": "1.0.0",
    "private": true,
    "description": "xx",
    "templateInfo": {
      "name": "default",
      "typescript": true,
      "css": "sass"
    },
    "scripts": {
      "build:weapp": "taro build --type weapp",
      "build:swan": "taro build --type swan",
      "build:alipay": "taro build --type alipay",
      "build:tt": "taro build --type tt",
      "build:h5": "taro build --type h5",
      "build:rn": "taro build --type rn",
      "build:qq": "taro build --type qq",
      "build:jd": "taro build --type jd",
      "build:quickapp": "taro build --type quickapp",
      "dev:weapp": "npm run build:weapp -- --watch",
      "dev:swan": "npm run build:swan -- --watch",
      "dev:alipay": "npm run build:alipay -- --watch",
      "dev:tt": "npm run build:tt -- --watch",
      "dev:h5": "npm run build:h5 -- --watch",
      "dev:rn": "npm run build:rn -- --watch",
      "dev:qq": "npm run build:qq -- --watch",
      "dev:jd": "npm run build:jd -- --watch",
      "dev:quickapp": "npm run build:quickapp -- --watch"
    },
    "browserslist": [
      "last 3 versions",
      "Android >= 4.1",
      "ios >= 8"
    ],
    "author": "",
    "license": "MIT",
    "dependencies": {
      "@babel/runtime": "^7.7.7",
      "@tarojs/components": "3.6.2",
      "@tarojs/helper": "3.6.2",
      "@tarojs/plugin-platform-weapp": "3.6.2",
      "@tarojs/plugin-platform-alipay": "3.6.2",
      "@tarojs/plugin-platform-tt": "3.6.2",
      "@tarojs/plugin-platform-swan": "3.6.2",
      "@tarojs/plugin-platform-jd": "3.6.2",
      "@tarojs/plugin-platform-qq": "3.6.2",
      "@tarojs/plugin-platform-h5": "3.6.2",
      "@tarojs/runtime": "3.6.2",
      "@tarojs/shared": "3.6.2",
      "@tarojs/taro": "3.6.2",
      "@tarojs/plugin-framework-react": "3.6.2",
      "redux-logger": "^3.0.6",
      "redux-thunk": "^2.3.0",
      "redux": "^4.0.0",
      "react-redux": "^7.2.0",
      "react-dom": "^18.0.0",
      "@tarojs/react": "3.6.2",
      "react": "^18.0.0"
    },
    "devDependencies": {
      "@babel/core": "^7.8.0",
      "@tarojs/cli": "3.6.2",
      "@types/webpack-env": "^1.13.6",
      "@types/react": "^18.0.0",
      "postcss": "^8.4.18",
      "webpack": "5.69.0",
      "@tarojs/webpack5-runner": "3.6.2",
      "@pmmmwh/react-refresh-webpack-plugin": "^0.5.5",
      "react-refresh": "^0.11.0",
      "babel-preset-taro": "3.6.2",
      "eslint-config-taro": "3.6.2",
      "eslint": "^8.12.0",
      "eslint-plugin-react": "^7.8.2",
      "eslint-plugin-import": "^2.12.0",
      "eslint-plugin-react-hooks": "^4.2.0",
      "stylelint": "9.3.0",
      "@typescript-eslint/parser": "^5.20.0",
      "@typescript-eslint/eslint-plugin": "^5.20.0",
      "typescript": "^4.1.0"
    },
    "resolutions": {
      "@swc/core": "1.3.42"
    }
  }

yarn manifest: 
  No manifest

Lockfile: 
  No lockfile
